{"E:\\个人项目-前端\\water-fall\\src\\libs\\utils.ts": {"path":"E:\\个人项目-前端\\water-fall\\src\\libs\\utils.ts","statementMap":{"0":{"start":{"line":15,"column":2},"end":{"line":15,"column":27}},"1":{"start":{"line":15,"column":13},"end":{"line":15,"column":27}},"2":{"start":{"line":16,"column":2},"end":{"line":19,"column":30}},"3":{"start":{"line":23,"column":2},"end":{"line":23,"column":38}},"4":{"start":{"line":27,"column":13},"end":{"line":27,"column":24}},"5":{"start":{"line":29,"column":2},"end":{"line":36,"column":4}},"6":{"start":{"line":30,"column":14},"end":{"line":30,"column":25}},"7":{"start":{"line":32,"column":4},"end":{"line":35,"column":5}},"8":{"start":{"line":33,"column":6},"end":{"line":33,"column":27}},"9":{"start":{"line":34,"column":6},"end":{"line":34,"column":25}},"10":{"start":{"line":40,"column":37},"end":{"line":40,"column":41}},"11":{"start":{"line":42,"column":2},"end":{"line":48,"column":4}},"12":{"start":{"line":43,"column":4},"end":{"line":43,"column":35}},"13":{"start":{"line":43,"column":15},"end":{"line":43,"column":35}},"14":{"start":{"line":45,"column":4},"end":{"line":47,"column":13}},"15":{"start":{"line":46,"column":6},"end":{"line":46,"column":27}},"16":{"start":{"line":52,"column":2},"end":{"line":65,"column":5}},"17":{"start":{"line":53,"column":16},"end":{"line":53,"column":27}},"18":{"start":{"line":54,"column":4},"end":{"line":54,"column":23}},"19":{"start":{"line":55,"column":4},"end":{"line":61,"column":5}},"20":{"start":{"line":56,"column":6},"end":{"line":56,"column":19}},"21":{"start":{"line":58,"column":6},"end":{"line":60,"column":8}},"22":{"start":{"line":59,"column":8},"end":{"line":59,"column":21}},"23":{"start":{"line":62,"column":4},"end":{"line":64,"column":6}},"24":{"start":{"line":63,"column":6},"end":{"line":63,"column":16}},"25":{"start":{"line":69,"column":17},"end":{"line":69,"column":36}},"26":{"start":{"line":70,"column":2},"end":{"line":85,"column":5}},"27":{"start":{"line":71,"column":4},"end":{"line":84,"column":5}},"28":{"start":{"line":72,"column":6},"end":{"line":83,"column":9}},"29":{"start":{"line":73,"column":20},"end":{"line":73,"column":28}},"30":{"start":{"line":74,"column":8},"end":{"line":82,"column":9}},"31":{"start":{"line":75,"column":10},"end":{"line":79,"column":11}},"32":{"start":{"line":76,"column":12},"end":{"line":76,"column":54}},"33":{"start":{"line":78,"column":12},"end":{"line":78,"column":41}},"34":{"start":{"line":81,"column":10},"end":{"line":81,"column":28}},"35":{"start":{"line":87,"column":2},"end":{"line":87,"column":16}}},"fnMap":{"0":{"name":"getTypeof","decl":{"start":{"line":14,"column":16},"end":{"line":14,"column":25}},"loc":{"start":{"line":14,"column":47},"end":{"line":20,"column":1}},"line":14},"1":{"name":"isPlainObject","decl":{"start":{"line":22,"column":16},"end":{"line":22,"column":29}},"loc":{"start":{"line":22,"column":57},"end":{"line":24,"column":1}},"line":22},"2":{"name":"throttle","decl":{"start":{"line":26,"column":16},"end":{"line":26,"column":24}},"loc":{"start":{"line":26,"column":59},"end":{"line":37,"column":1}},"line":26},"3":{"name":"(anonymous_3)","decl":{"start":{"line":29,"column":9},"end":{"line":29,"column":10}},"loc":{"start":{"line":29,"column":46},"end":{"line":36,"column":3}},"line":29},"4":{"name":"debounce","decl":{"start":{"line":39,"column":16},"end":{"line":39,"column":24}},"loc":{"start":{"line":39,"column":59},"end":{"line":49,"column":1}},"line":39},"5":{"name":"(anonymous_5)","decl":{"start":{"line":42,"column":9},"end":{"line":42,"column":10}},"loc":{"start":{"line":42,"column":46},"end":{"line":48,"column":3}},"line":42},"6":{"name":"(anonymous_6)","decl":{"start":{"line":45,"column":23},"end":{"line":45,"column":24}},"loc":{"start":{"line":45,"column":29},"end":{"line":47,"column":5}},"line":45},"7":{"name":"loadAsyncImage","decl":{"start":{"line":51,"column":16},"end":{"line":51,"column":30}},"loc":{"start":{"line":51,"column":76},"end":{"line":66,"column":1}},"line":51},"8":{"name":"(anonymous_8)","decl":{"start":{"line":52,"column":21},"end":{"line":52,"column":22}},"loc":{"start":{"line":52,"column":42},"end":{"line":65,"column":3}},"line":52},"9":{"name":"(anonymous_9)","decl":{"start":{"line":58,"column":19},"end":{"line":58,"column":20}},"loc":{"start":{"line":58,"column":25},"end":{"line":60,"column":7}},"line":58},"10":{"name":"(anonymous_10)","decl":{"start":{"line":62,"column":18},"end":{"line":62,"column":19}},"loc":{"start":{"line":62,"column":25},"end":{"line":64,"column":5}},"line":62},"11":{"name":"deepMerge","decl":{"start":{"line":68,"column":16},"end":{"line":68,"column":25}},"loc":{"start":{"line":68,"column":42},"end":{"line":88,"column":1}},"line":68},"12":{"name":"(anonymous_12)","decl":{"start":{"line":70,"column":15},"end":{"line":70,"column":16}},"loc":{"start":{"line":70,"column":24},"end":{"line":85,"column":3}},"line":70},"13":{"name":"(anonymous_13)","decl":{"start":{"line":72,"column":31},"end":{"line":72,"column":32}},"loc":{"start":{"line":72,"column":40},"end":{"line":83,"column":7}},"line":72}},"branchMap":{"0":{"loc":{"start":{"line":15,"column":2},"end":{"line":15,"column":27}},"type":"if","locations":[{"start":{"line":15,"column":2},"end":{"line":15,"column":27}},{"start":{},"end":{}}],"line":15},"1":{"loc":{"start":{"line":26,"column":39},"end":{"line":26,"column":57}},"type":"default-arg","locations":[{"start":{"line":26,"column":54},"end":{"line":26,"column":57}}],"line":26},"2":{"loc":{"start":{"line":32,"column":4},"end":{"line":35,"column":5}},"type":"if","locations":[{"start":{"line":32,"column":4},"end":{"line":35,"column":5}},{"start":{},"end":{}}],"line":32},"3":{"loc":{"start":{"line":39,"column":39},"end":{"line":39,"column":57}},"type":"default-arg","locations":[{"start":{"line":39,"column":54},"end":{"line":39,"column":57}}],"line":39},"4":{"loc":{"start":{"line":43,"column":4},"end":{"line":43,"column":35}},"type":"if","locations":[{"start":{"line":43,"column":4},"end":{"line":43,"column":35}},{"start":{},"end":{}}],"line":43},"5":{"loc":{"start":{"line":55,"column":4},"end":{"line":61,"column":5}},"type":"if","locations":[{"start":{"line":55,"column":4},"end":{"line":61,"column":5}},{"start":{"line":57,"column":11},"end":{"line":61,"column":5}}],"line":55},"6":{"loc":{"start":{"line":71,"column":4},"end":{"line":84,"column":5}},"type":"if","locations":[{"start":{"line":71,"column":4},"end":{"line":84,"column":5}},{"start":{},"end":{}}],"line":71},"7":{"loc":{"start":{"line":74,"column":8},"end":{"line":82,"column":9}},"type":"if","locations":[{"start":{"line":74,"column":8},"end":{"line":82,"column":9}},{"start":{"line":80,"column":15},"end":{"line":82,"column":9}}],"line":74},"8":{"loc":{"start":{"line":75,"column":10},"end":{"line":79,"column":11}},"type":"if","locations":[{"start":{"line":75,"column":10},"end":{"line":79,"column":11}},{"start":{"line":77,"column":17},"end":{"line":79,"column":11}}],"line":75}},"s":{"0":0,"1":0,"2":0,"3":0,"4":0,"5":0,"6":0,"7":0,"8":0,"9":0,"10":0,"11":0,"12":0,"13":0,"14":0,"15":0,"16":0,"17":0,"18":0,"19":0,"20":0,"21":0,"22":0,"23":0,"24":0,"25":1,"26":1,"27":2,"28":2,"29":0,"30":0,"31":0,"32":0,"33":0,"34":0,"35":1},"f":{"0":0,"1":0,"2":0,"3":0,"4":0,"5":0,"6":0,"7":0,"8":0,"9":0,"10":0,"11":1,"12":2,"13":0},"b":{"0":[0,0],"1":[0],"2":[0,0],"3":[0],"4":[0,0],"5":[0,0],"6":[2,0],"7":[0,0],"8":[0,0]},"_coverageSchema":"1a1c01bbd47fc00a2c39e90264f33305004495a9","hash":"c0a868ff335267a0ef8dd84fe9cd6d07fc7e4997"}
}
