TN:
SF:src\libs\utils.ts
FN:14,getTypeof
FN:22,isPlainObject
FN:26,throttle
FN:29,(anonymous_3)
FN:39,debounce
FN:42,(anonymous_5)
FN:45,(anonymous_6)
FN:51,loadAsyncImage
FN:52,(anonymous_8)
FN:58,(anonymous_9)
FN:62,(anonymous_10)
FN:68,deepMerge
FN:70,(anonymous_12)
FN:72,(anonymous_13)
FNF:14
FNH:2
FNDA:0,getTypeof
FNDA:0,isPlainObject
FNDA:0,throttle
FNDA:0,(anonymous_3)
FNDA:0,debounce
FNDA:0,(anonymous_5)
FNDA:0,(anonymous_6)
FNDA:0,loadAsyncImage
FNDA:0,(anonymous_8)
FNDA:0,(anonymous_9)
FNDA:0,(anonymous_10)
FNDA:1,deepMerge
FNDA:2,(anonymous_12)
FNDA:0,(anonymous_13)
DA:15,0
DA:16,0
DA:23,0
DA:27,0
DA:29,0
DA:30,0
DA:32,0
DA:33,0
DA:34,0
DA:40,0
DA:42,0
DA:43,0
DA:45,0
DA:46,0
DA:52,0
DA:53,0
DA:54,0
DA:55,0
DA:56,0
DA:58,0
DA:59,0
DA:62,0
DA:63,0
DA:69,1
DA:70,1
DA:71,2
DA:72,2
DA:73,0
DA:74,0
DA:75,0
DA:76,0
DA:78,0
DA:81,0
DA:87,1
LF:34
LH:5
BRDA:15,0,0,0
BRDA:15,0,1,0
BRDA:26,1,0,0
BRDA:32,2,0,0
BRDA:32,2,1,0
BRDA:39,3,0,0
BRDA:43,4,0,0
BRDA:43,4,1,0
BRDA:55,5,0,0
BRDA:55,5,1,0
BRDA:71,6,0,2
BRDA:71,6,1,0
BRDA:74,7,0,0
BRDA:74,7,1,0
BRDA:75,8,0,0
BRDA:75,8,1,0
BRF:16
BRH:1
end_of_record
